<?xml version="1.0" encoding="UTF-8"?>
<!-- Generated by org.testng.reporters.JUnitReportReporter -->
<testsuite hostname="VijayaSachinLaptop" name="com.qa.testCases.excelDataTestCase" tests="1" failures="0" timestamp="15 Apr 2020 12:40:18 GMT" time="2.773" errors="0">
  <testcase name="getDatafromExcel" time="2.773" classname="com.qa.testCases.excelDataTestCase"/>
</testsuite> <!-- com.qa.testCases.excelDataTestCase -->
