<?xml version="1.0" encoding="UTF-8"?>
<!-- Generated by org.testng.reporters.JUnitReportReporter -->
<testsuite hostname="VijayaSachinLaptop" name="com.qa.util.ReadExcel1" tests="1" failures="0" timestamp="15 Apr 2020 11:51:15 GMT" time="2.545" errors="0">
  <testcase name="readExcel" time="2.545" classname="com.qa.util.ReadExcel1"/>
</testsuite> <!-- com.qa.util.ReadExcel1 -->
