<?xml version="1.0" encoding="UTF-8"?>
<!-- Generated by org.testng.reporters.JUnitReportReporter -->
<testsuite hostname="VijayaSachinLaptop" name="com.qa.pages.TestNGWithParameter" tests="1" failures="0" timestamp="14 Apr 2020 13:15:05 GMT" time="31.377" errors="0">
  <testcase name="launchBrowser" time="31.377" classname="com.qa.pages.TestNGWithParameter"/>
</testsuite> <!-- com.qa.pages.TestNGWithParameter -->
