<?xml version="1.0" encoding="UTF-8"?>
<!-- Generated by org.testng.reporters.JUnitReportReporter -->
<testsuite hostname="VijayaSachinLaptop" name="myRunner.TestRunner" tests="1" failures="0" timestamp="17 Apr 2020 12:39:38 GMT" time="7.680" errors="0">
  <testcase name="feature" time="7.680" classname="myRunner.TestRunner"/>
</testsuite> <!-- myRunner.TestRunner -->
