<?xml version="1.0" encoding="UTF-8"?>
<!-- Generated by org.testng.reporters.JUnitReportReporter -->
<testsuite hostname="VijayaSachinLaptop" name="com.qa.testCases.TestNGWithParameter" tests="1" failures="0" timestamp="14 Apr 2020 13:23:45 GMT" time="7.944" errors="0">
  <testcase name="launchBrowser" time="7.944" classname="com.qa.testCases.TestNGWithParameter"/>
</testsuite> <!-- com.qa.testCases.TestNGWithParameter -->
