<?xml version="1.0" encoding="UTF-8"?>
<!-- Generated by org.testng.reporters.JUnitReportReporter -->
<testsuite hostname="VijayaSachinLaptop" name="com.qa.util.ExcelConfigBasic" tests="2" failures="0" timestamp="15 Apr 2020 13:31:31 GMT" time="2.396" errors="0">
  <testcase name="writeExcelData" time="0.538" classname="com.qa.util.ExcelConfigBasic"/>
  <testcase name="readExcel" time="1.858" classname="com.qa.util.ExcelConfigBasic"/>
</testsuite> <!-- com.qa.util.ExcelConfigBasic -->
